<?xml version="1.0" encoding="UTF-8"?>
<testng-results ignored="0" total="1" passed="1" failed="0" skipped="0">
  <reporter-output>
  </reporter-output>
  <suite started-at="2023-04-11T23:34:39 IST" name="Default suite" finished-at="2023-04-11T23:34:44 IST" duration-ms="4721">
    <groups>
    </groups>
    <test started-at="2023-04-11T23:34:39 IST" name="Default test" finished-at="2023-04-11T23:34:44 IST" duration-ms="4721">
      <class name="com.learnings.runner.RunnerClass">
        <test-method is-config="true" signature="beforeSuite()[pri:0, instance:com.learnings.runner.RunnerClass@4f83df68]" started-at="2023-04-11T23:34:39 IST" name="beforeSuite" finished-at="2023-04-11T23:34:39 IST" duration-ms="10" status="PASS">
          <reporter-output>
          </reporter-output>
        </test-method> <!-- beforeSuite -->
        <test-method is-config="true" signature="beforeClass()[pri:0, instance:com.learnings.runner.RunnerClass@4f83df68]" started-at="2023-04-11T23:34:39 IST" name="beforeClass" finished-at="2023-04-11T23:34:39 IST" duration-ms="173" status="PASS">
          <reporter-output>
          </reporter-output>
        </test-method> <!-- beforeClass -->
        <test-method is-config="true" signature="beforeMethod(java.lang.String)[pri:0, instance:com.learnings.runner.RunnerClass@4f83df68]" started-at="2023-04-11T23:34:39 IST" name="beforeMethod" finished-at="2023-04-11T23:34:42 IST" duration-ms="2525" status="PASS">
          <params>
            <param index="0">
              <value is-null="true"/>
            </param>
          </params>
          <reporter-output>
          </reporter-output>
        </test-method> <!-- beforeMethod -->
        <test-method signature="runScenarios(io.cucumber.testng.PickleWrapper,io.cucumber.testng.FeatureWrapper)[pri:0, instance:com.learnings.runner.RunnerClass@4f83df68]" started-at="2023-04-11T23:34:42 IST" name="runScenarios" description="Tests" data-provider="scenarios" finished-at="2023-04-11T23:34:44 IST" duration-ms="1821" status="PASS">
          <params>
            <param index="0">
              <value>
                <![CDATA["Scenario 1"]]>
              </value>
            </param>
            <param index="1">
              <value>
                <![CDATA["Feature 1"]]>
              </value>
            </param>
          </params>
          <reporter-output>
          </reporter-output>
        </test-method> <!-- runScenarios -->
        <test-method is-config="true" signature="afterMethod()[pri:0, instance:com.learnings.runner.RunnerClass@4f83df68]" started-at="2023-04-11T23:34:44 IST" name="afterMethod" finished-at="2023-04-11T23:34:44 IST" duration-ms="167" status="PASS">
          <reporter-output>
          </reporter-output>
        </test-method> <!-- afterMethod -->
        <test-method is-config="true" signature="afterClass()[pri:0, instance:com.learnings.runner.RunnerClass@4f83df68]" started-at="2023-04-11T23:34:44 IST" name="afterClass" finished-at="2023-04-11T23:34:44 IST" duration-ms="2" status="PASS">
          <reporter-output>
          </reporter-output>
        </test-method> <!-- afterClass -->
        <test-method is-config="true" signature="endTest()[pri:0, instance:com.learnings.runner.RunnerClass@4f83df68]" started-at="2023-04-11T23:34:44 IST" name="endTest" finished-at="2023-04-11T23:34:44 IST" duration-ms="246" status="PASS">
          <reporter-output>
          </reporter-output>
        </test-method> <!-- endTest -->
      </class> <!-- com.learnings.runner.RunnerClass -->
    </test> <!-- Default test -->
  </suite> <!-- Default suite -->
</testng-results>
